[debug] [2026-05-15T17:31:57.205Z] ----------------------------------------------------------------------
[debug] [2026-05-15T17:31:57.218Z] Command:       C:\Program Files\nodejs\node.exe C:\Users\CarlosGutiérrez\AppData\Roaming\npm\node_modules\firebase-tools\lib\bin\firebase.js init
[debug] [2026-05-15T17:31:57.219Z] CLI Version:   15.18.0
[debug] [2026-05-15T17:31:57.219Z] Platform:      win32
[debug] [2026-05-15T17:31:57.219Z] Node Version:  v24.14.1
[debug] [2026-05-15T17:31:57.219Z] Time:          Fri May 15 2026 19:31:57 GMT+0200 (hora de verano de Europa central)
[debug] [2026-05-15T17:31:57.219Z] ----------------------------------------------------------------------
[debug] 
[info] 
     ######## #### ########  ######## ########     ###     ######  ########
     ##        ##  ##     ## ##       ##     ##  ##   ##  ##       ##
     ######    ##  ########  ######   ########  #########  ######  ######
     ##        ##  ##    ##  ##       ##     ## ##     ##       ## ##
     ##       #### ##     ## ######## ########  ##     ##  ######  ########

You're about to initialize a Firebase project in this directory:

  C:\Users\CarlosGutiérrez\OneDrive - kyndryl\Documents\GitHub\GestorPan

[info] 
=== Project Setup
[info] 
[info] First, let's associate this project directory with a Firebase project.
[info] You can create multiple project aliases by running firebase use --add, 
[info] 
[debug] [2026-05-15T17:32:34.983Z] > command requires scopes: ["email","openid","https://www.googleapis.com/auth/cloudplatformprojects.readonly","https://www.googleapis.com/auth/firebase","https://www.googleapis.com/auth/cloud-platform"]
[debug] [2026-05-15T17:32:34.983Z] > authorizing via signed-in user (elcherif@gmail.com)
[debug] [2026-05-15T17:32:34.986Z] Checked if tokens are valid: true, expires at: 1778869898448
[debug] [2026-05-15T17:32:34.986Z] Checked if tokens are valid: true, expires at: 1778869898448
[debug] [2026-05-15T17:32:34.987Z] >>> [apiv2][query] GET https://firebase.googleapis.com/v1beta1/projects pageSize=100
[debug] [2026-05-15T17:32:35.786Z] <<< [apiv2][status] GET https://firebase.googleapis.com/v1beta1/projects 200
[debug] [2026-05-15T17:32:35.786Z] <<< [apiv2][body] GET https://firebase.googleapis.com/v1beta1/projects [omitted]
[info] 
=== Dataconnect Setup
[info] i  dataconnect: ensuring required API firebasedataconnect.googleapis.com is enabled... 
[debug] [2026-05-15T17:32:37.119Z] Checked if tokens are valid: true, expires at: 1778869898448
[debug] [2026-05-15T17:32:37.119Z] Checked if tokens are valid: true, expires at: 1778869898448
[info] i  dataconnect: ensuring required API sqladmin.googleapis.com is enabled... 
[debug] [2026-05-15T17:32:37.121Z] Checked if tokens are valid: true, expires at: 1778869898448
[debug] [2026-05-15T17:32:37.121Z] Checked if tokens are valid: true, expires at: 1778869898448
[debug] [2026-05-15T17:32:37.121Z] >>> [apiv2][query] GET https://serviceusage.googleapis.com/v1/projects/gestorpan-3464a/services/firebasedataconnect.googleapis.com [none]
[debug] [2026-05-15T17:32:37.121Z] >>> [apiv2][(partial)header] GET https://serviceusage.googleapis.com/v1/projects/gestorpan-3464a/services/firebasedataconnect.googleapis.com  x-goog-user-project=gestorpan-3464a
[debug] [2026-05-15T17:32:37.122Z] >>> [apiv2][query] GET https://serviceusage.googleapis.com/v1/projects/gestorpan-3464a/services/sqladmin.googleapis.com [none]
[debug] [2026-05-15T17:32:37.122Z] >>> [apiv2][(partial)header] GET https://serviceusage.googleapis.com/v1/projects/gestorpan-3464a/services/sqladmin.googleapis.com  x-goog-user-project=gestorpan-3464a
[debug] [2026-05-15T17:32:37.986Z] <<< [apiv2][status] GET https://serviceusage.googleapis.com/v1/projects/gestorpan-3464a/services/sqladmin.googleapis.com 200
[debug] [2026-05-15T17:32:37.986Z] <<< [apiv2][body] GET https://serviceusage.googleapis.com/v1/projects/gestorpan-3464a/services/sqladmin.googleapis.com [omitted]
[warn] !  dataconnect: missing required API sqladmin.googleapis.com. Enabling now... 
[debug] [2026-05-15T17:32:37.987Z] Checked if tokens are valid: true, expires at: 1778869898448
[debug] [2026-05-15T17:32:37.987Z] Checked if tokens are valid: true, expires at: 1778869898448
[debug] [2026-05-15T17:32:37.988Z] >>> [apiv2][query] POST https://serviceusage.googleapis.com/v1/projects/gestorpan-3464a/services/sqladmin.googleapis.com:enable [none]
[debug] [2026-05-15T17:32:37.988Z] >>> [apiv2][(partial)header] POST https://serviceusage.googleapis.com/v1/projects/gestorpan-3464a/services/sqladmin.googleapis.com:enable  x-goog-user-project=gestorpan-3464a
[debug] [2026-05-15T17:32:38.001Z] <<< [apiv2][status] GET https://serviceusage.googleapis.com/v1/projects/gestorpan-3464a/services/firebasedataconnect.googleapis.com 200
[debug] [2026-05-15T17:32:38.001Z] <<< [apiv2][body] GET https://serviceusage.googleapis.com/v1/projects/gestorpan-3464a/services/firebasedataconnect.googleapis.com [omitted]
[warn] !  dataconnect: missing required API firebasedataconnect.googleapis.com. Enabling now... 
[debug] [2026-05-15T17:32:38.002Z] Checked if tokens are valid: true, expires at: 1778869898448
[debug] [2026-05-15T17:32:38.002Z] Checked if tokens are valid: true, expires at: 1778869898448
[debug] [2026-05-15T17:32:38.002Z] >>> [apiv2][query] POST https://serviceusage.googleapis.com/v1/projects/gestorpan-3464a/services/firebasedataconnect.googleapis.com:enable [none]
[debug] [2026-05-15T17:32:38.002Z] >>> [apiv2][(partial)header] POST https://serviceusage.googleapis.com/v1/projects/gestorpan-3464a/services/firebasedataconnect.googleapis.com:enable  x-goog-user-project=gestorpan-3464a
[debug] [2026-05-15T17:32:39.181Z] <<< [apiv2][status] POST https://serviceusage.googleapis.com/v1/projects/gestorpan-3464a/services/sqladmin.googleapis.com:enable 200
[debug] [2026-05-15T17:32:39.182Z] <<< [apiv2][body] POST https://serviceusage.googleapis.com/v1/projects/gestorpan-3464a/services/sqladmin.googleapis.com:enable [omitted]
[debug] [2026-05-15T17:32:39.217Z] <<< [apiv2][status] POST https://serviceusage.googleapis.com/v1/projects/gestorpan-3464a/services/firebasedataconnect.googleapis.com:enable 200
[debug] [2026-05-15T17:32:39.217Z] <<< [apiv2][body] POST https://serviceusage.googleapis.com/v1/projects/gestorpan-3464a/services/firebasedataconnect.googleapis.com:enable [omitted]
[debug] [2026-05-15T17:32:49.248Z] Checked if tokens are valid: true, expires at: 1778869898448
[debug] [2026-05-15T17:32:49.248Z] Checked if tokens are valid: true, expires at: 1778869898448
[debug] [2026-05-15T17:32:49.248Z] >>> [apiv2][query] GET https://firebasedataconnect.googleapis.com/v1/projects/gestorpan-3464a/locations/-/services [none]
[debug] [2026-05-15T17:32:50.394Z] <<< [apiv2][status] GET https://firebasedataconnect.googleapis.com/v1/projects/gestorpan-3464a/locations/-/services 200
[debug] [2026-05-15T17:32:50.395Z] <<< [apiv2][body] GET https://firebasedataconnect.googleapis.com/v1/projects/gestorpan-3464a/locations/-/services {}
[debug] [2026-05-15T17:32:53.215Z] Checked if tokens are valid: true, expires at: 1778869898448
[debug] [2026-05-15T17:32:53.216Z] Checked if tokens are valid: true, expires at: 1778869898448
[debug] [2026-05-15T17:32:53.216Z] >>> [apiv2][query] GET https://cloudbilling.googleapis.com/v1/projects/gestorpan-3464a/billingInfo [none]
[debug] [2026-05-15T17:32:53.617Z] <<< [apiv2][status] GET https://cloudbilling.googleapis.com/v1/projects/gestorpan-3464a/billingInfo 200
[debug] [2026-05-15T17:32:53.617Z] <<< [apiv2][body] GET https://cloudbilling.googleapis.com/v1/projects/gestorpan-3464a/billingInfo {"name":"projects/gestorpan-3464a/billingInfo","projectId":"gestorpan-3464a","billingAccountName":"","billingEnabled":false}
[debug] [2026-05-15T17:32:53.619Z] Checked if tokens are valid: true, expires at: 1778869898448
[debug] [2026-05-15T17:32:53.619Z] Checked if tokens are valid: true, expires at: 1778869898448
[debug] [2026-05-15T17:32:53.619Z] >>> [apiv2][query] GET https://monitoring.googleapis.com/v3/projects/gestorpan-3464a/timeSeries/ filter=metric.type%3D%22serviceruntime.googleapis.com%2Fquota%2Fallocation%2Fusage%22+AND+metric.label.quota_metric+%3D+%22sqladmin.googleapis.com%2Ffdc_lifetime_free_trial_per_project%22&interval.endTime=2026-05-15T17%3A32%3A53.619Z&interval.startTime=2026-05-08T17%3A32%3A53.617Z
[debug] [2026-05-15T17:32:54.618Z] <<< [apiv2][status] GET https://monitoring.googleapis.com/v3/projects/gestorpan-3464a/timeSeries/ 200
[debug] [2026-05-15T17:32:54.618Z] <<< [apiv2][body] GET https://monitoring.googleapis.com/v3/projects/gestorpan-3464a/timeSeries/ {"unit":"1"}
[info] +  dataconnect: CloudSQL no cost trial available! 
[debug] [2026-05-15T17:32:54.619Z] Checked if tokens are valid: true, expires at: 1778869898448
[debug] [2026-05-15T17:32:54.619Z] Checked if tokens are valid: true, expires at: 1778869898448
[debug] [2026-05-15T17:32:54.620Z] >>> [apiv2][query] GET https://sqladmin.googleapis.com/v1/projects/gestorpan-3464a/instances [none]
[debug] [2026-05-15T17:32:55.233Z] <<< [apiv2][status] GET https://sqladmin.googleapis.com/v1/projects/gestorpan-3464a/instances 200
[debug] [2026-05-15T17:32:55.233Z] <<< [apiv2][body] GET https://sqladmin.googleapis.com/v1/projects/gestorpan-3464a/instances {}
[debug] [2026-05-15T17:32:55.233Z] Checked if tokens are valid: true, expires at: 1778869898448
[debug] [2026-05-15T17:32:55.233Z] Checked if tokens are valid: true, expires at: 1778869898448
[debug] [2026-05-15T17:32:55.233Z] >>> [apiv2][query] GET https://firebasedataconnect.googleapis.com/v1/projects/gestorpan-3464a/locations [none]
[debug] [2026-05-15T17:32:55.430Z] <<< [apiv2][status] GET https://firebasedataconnect.googleapis.com/v1/projects/gestorpan-3464a/locations 200
[debug] [2026-05-15T17:32:55.430Z] <<< [apiv2][body] GET https://firebasedataconnect.googleapis.com/v1/projects/gestorpan-3464a/locations {"locations":[{"name":"projects/gestorpan-3464a/locations/asia-east1","locationId":"asia-east1","displayName":"Taiwan"},{"name":"projects/gestorpan-3464a/locations/asia-east2","locationId":"asia-east2","displayName":"Hong Kong"},{"name":"projects/gestorpan-3464a/locations/asia-northeast1","locationId":"asia-northeast1","displayName":"Tokyo"},{"name":"projects/gestorpan-3464a/locations/asia-northeast2","locationId":"asia-northeast2","displayName":"Osaka"},{"name":"projects/gestorpan-3464a/locations/asia-northeast3","locationId":"asia-northeast3","displayName":"Seoul"},{"name":"projects/gestorpan-3464a/locations/asia-south1","locationId":"asia-south1","displayName":"Mumbai"},{"name":"projects/gestorpan-3464a/locations/asia-southeast1","locationId":"asia-southeast1","displayName":"Singapore"},{"name":"projects/gestorpan-3464a/locations/asia-southeast2","locationId":"asia-southeast2","displayName":"Jakarta"},{"name":"projects/gestorpan-3464a/locations/australia-southeast1","locationId":"australia-southeast1","displayName":"Sydney"},{"name":"projects/gestorpan-3464a/locations/australia-southeast2","locationId":"australia-southeast2","displayName":"Melbourne"},{"name":"projects/gestorpan-3464a/locations/europe-central2","locationId":"europe-central2","displayName":"Warsaw"},{"name":"projects/gestorpan-3464a/locations/europe-north1","locationId":"europe-north1","displayName":"Finland"},{"name":"projects/gestorpan-3464a/locations/europe-southwest1","locationId":"europe-southwest1","displayName":"Madrid"},{"name":"projects/gestorpan-3464a/locations/europe-west1","locationId":"europe-west1","displayName":"Belgium"},{"name":"projects/gestorpan-3464a/locations/europe-west2","locationId":"europe-west2","displayName":"London"},{"name":"projects/gestorpan-3464a/locations/europe-west3","locationId":"europe-west3","displayName":"Frankfurt"},{"name":"projects/gestorpan-3464a/locations/europe-west4","locationId":"europe-west4","displayName":"Netherlands"},{"name":"projects/gestorpan-3464a/locations/europe-west6","locationId":"europe-west6","displayName":"Zurich"},{"name":"projects/gestorpan-3464a/locations/europe-west8","locationId":"europe-west8","displayName":"Milan"},{"name":"projects/gestorpan-3464a/locations/europe-west9","locationId":"europe-west9","displayName":"Paris"},{"name":"projects/gestorpan-3464a/locations/me-west1","locationId":"me-west1","displayName":"Tel Aviv"},{"name":"projects/gestorpan-3464a/locations/northamerica-northeast1","locationId":"northamerica-northeast1","displayName":"Montréal"},{"name":"projects/gestorpan-3464a/locations/northamerica-northeast2","locationId":"northamerica-northeast2","displayName":"Toronto"},{"name":"projects/gestorpan-3464a/locations/southamerica-east1","locationId":"southamerica-east1","displayName":"São Paulo"},{"name":"projects/gestorpan-3464a/locations/southamerica-west1","locationId":"southamerica-west1","displayName":"Santiago"},{"name":"projects/gestorpan-3464a/locations/us-central1","locationId":"us-central1","displayName":"Iowa"},{"name":"projects/gestorpan-3464a/locations/us-east1","locationId":"us-east1","displayName":"South Carolina"},{"name":"projects/gestorpan-3464a/locations/us-east4","locationId":"us-east4","displayName":"Northern Virginia"},{"name":"projects/gestorpan-3464a/locations/us-south1","locationId":"us-south1","displayName":"Dallas"},{"name":"projects/gestorpan-3464a/locations/us-west1","locationId":"us-west1","displayName":"Oregon"},{"name":"projects/gestorpan-3464a/locations/us-west2","locationId":"us-west2","displayName":"Los Angeles"},{"name":"projects/gestorpan-3464a/locations/us-west3","locationId":"us-west3","displayName":"Salt Lake City"},{"name":"projects/gestorpan-3464a/locations/us-west4","locationId":"us-west4","displayName":"Las Vegas"}]}
[warn] !  dataconnect: Cannot detect an existing app in the current directory. 
[debug] [2026-05-15T17:33:31.539Z] Checked if tokens are valid: true, expires at: 1778869898448
[debug] [2026-05-15T17:33:31.540Z] Checked if tokens are valid: true, expires at: 1778869898448
[debug] [2026-05-15T17:33:31.540Z] >>> [apiv2][query] GET https://sqladmin.googleapis.com/v1/projects/gestorpan-3464a/instances/gestorpan-fdc [none]
[debug] [2026-05-15T17:33:31.909Z] <<< [apiv2][status] GET https://sqladmin.googleapis.com/v1/projects/gestorpan-3464a/instances/gestorpan-fdc 404
[debug] [2026-05-15T17:33:31.910Z] <<< [apiv2][body] GET https://sqladmin.googleapis.com/v1/projects/gestorpan-3464a/instances/gestorpan-fdc {"error":{"code":404,"message":"The Cloud SQL instance does not exist.","errors":[{"message":"The Cloud SQL instance does not exist.","domain":"global","reason":"instanceDoesNotExist"}]}}
[debug] [2026-05-15T17:33:31.910Z] Checked if tokens are valid: true, expires at: 1778869898448
[debug] [2026-05-15T17:33:31.910Z] Checked if tokens are valid: true, expires at: 1778869898448
[debug] [2026-05-15T17:33:31.910Z] >>> [apiv2][query] GET https://monitoring.googleapis.com/v3/projects/gestorpan-3464a/timeSeries/ filter=metric.type%3D%22serviceruntime.googleapis.com%2Fquota%2Fallocation%2Fusage%22+AND+metric.label.quota_metric+%3D+%22sqladmin.googleapis.com%2Ffdc_lifetime_free_trial_per_project%22&interval.endTime=2026-05-15T17%3A33%3A31.910Z&interval.startTime=2026-05-08T17%3A33%3A31.910Z
[debug] [2026-05-15T17:33:32.778Z] <<< [apiv2][status] GET https://monitoring.googleapis.com/v3/projects/gestorpan-3464a/timeSeries/ 200
[debug] [2026-05-15T17:33:32.778Z] <<< [apiv2][body] GET https://monitoring.googleapis.com/v3/projects/gestorpan-3464a/timeSeries/ {"unit":"1"}
[debug] [2026-05-15T17:33:32.779Z] Checked if tokens are valid: true, expires at: 1778869898448
[debug] [2026-05-15T17:33:32.779Z] Checked if tokens are valid: true, expires at: 1778869898448
[debug] [2026-05-15T17:33:32.779Z] >>> [apiv2][query] POST https://sqladmin.googleapis.com/v1/projects/gestorpan-3464a/instances [none]
[debug] [2026-05-15T17:33:32.779Z] >>> [apiv2][body] POST https://sqladmin.googleapis.com/v1/projects/gestorpan-3464a/instances {"name":"gestorpan-fdc","region":"europe-central2","databaseVersion":"POSTGRES_18","settings":{"tier":"db-f1-micro","edition":"ENTERPRISE","ipConfiguration":{"authorizedNetworks":[]},"enableGoogleMlIntegration":false,"databaseFlags":[{"name":"cloudsql.iam_authentication","value":"on"}],"storageAutoResize":false,"userLabels":{"firebase-data-connect":"ft"},"insightsConfig":{"queryInsightsEnabled":true,"queryPlansPerMinute":5,"queryStringLength":1024}}}
[debug] [2026-05-15T17:33:36.898Z] <<< [apiv2][status] POST https://sqladmin.googleapis.com/v1/projects/gestorpan-3464a/instances 200
[debug] [2026-05-15T17:33:36.898Z] <<< [apiv2][body] POST https://sqladmin.googleapis.com/v1/projects/gestorpan-3464a/instances {"kind":"sql#operation","targetLink":"https://sqladmin.googleapis.com/v1/projects/gestorpan-3464a/instances/gestorpan-fdc","status":"PENDING","user":"elcherif@gmail.com","insertTime":"2026-05-15T17:33:37.031Z","operationType":"CREATE","name":"977e31d2-60ca-464a-bed4-db7300000046","targetId":"gestorpan-fdc","selfLink":"https://sqladmin.googleapis.com/v1/projects/gestorpan-3464a/operations/977e31d2-60ca-464a-bed4-db7300000046","targetProject":"gestorpan-3464a"}
[debug] [2026-05-15T17:33:36.898Z] Checked if tokens are valid: true, expires at: 1778869898448
[debug] [2026-05-15T17:33:36.898Z] Checked if tokens are valid: true, expires at: 1778869898448
[debug] [2026-05-15T17:33:36.898Z] >>> [apiv2][query] GET https://cloudbilling.googleapis.com/v1/projects/gestorpan-3464a/billingInfo [none]
[debug] [2026-05-15T17:33:37.570Z] <<< [apiv2][status] GET https://cloudbilling.googleapis.com/v1/projects/gestorpan-3464a/billingInfo 200
[debug] [2026-05-15T17:33:37.571Z] <<< [apiv2][body] GET https://cloudbilling.googleapis.com/v1/projects/gestorpan-3464a/billingInfo {"name":"projects/gestorpan-3464a/billingInfo","projectId":"gestorpan-3464a","billingAccountName":"","billingEnabled":false}
[info] i  dataconnect: Cloud SQL Instance gestorpan-fdc is being created.
This instance is provided under the terms of the SQL Connect no-cost trial https://firebase.google.com/pricing

   Meanwhile, your data are saved in a temporary database and will be migrated once complete. 
   Your free trial instance won't show in google cloud console until a billing account is added.
   However, you can still use the gcloud cli to monitor your database instance:

	e.g. gcloud sql instances list --project gestorpan-3464a
 
[debug] [2026-05-15T17:33:37.575Z] Checked if tokens are valid: true, expires at: 1778869898448
[debug] [2026-05-15T17:33:37.575Z] Checked if tokens are valid: true, expires at: 1778869898448
[debug] [2026-05-15T17:33:37.576Z] >>> [apiv2][query] GET https://firebasedataconnect.googleapis.com/v1/projects/gestorpan-3464a/locations/europe-central2/services/gestorpan/schemas pageSize=100&pageToken=&fields=schemas.name%2Cschemas.datasources%2Cschemas.source
[debug] [2026-05-15T17:33:38.030Z] <<< [apiv2][status] GET https://firebasedataconnect.googleapis.com/v1/projects/gestorpan-3464a/locations/europe-central2/services/gestorpan/schemas 404
[debug] [2026-05-15T17:33:38.030Z] <<< [apiv2][body] GET https://firebasedataconnect.googleapis.com/v1/projects/gestorpan-3464a/locations/europe-central2/services/gestorpan/schemas {"error":{"code":404,"message":"Resource 'services/gestorpan' was not found","status":"NOT_FOUND","details":[{"@type":"type.googleapis.com/google.rpc.ResourceInfo","resourceName":"services/gestorpan"}]}}
[info] +  Wrote dataconnect\dataconnect.yaml 
[info] +  Wrote dataconnect\seed_data.gql 
[info] +  Wrote dataconnect\schema\schema.gql 
[info] +  Wrote dataconnect\example\connector.yaml 
[info] +  Wrote dataconnect\example\queries.gql 
[info] +  Wrote dataconnect\example\mutations.gql 
[info] i  dataconnect: No apps to setup SQL Connect Generated SDKs 
[info] 
=== Firestore Setup
[info] i  firestore: ensuring required API firestore.googleapis.com is enabled... 
[debug] [2026-05-15T17:33:38.124Z] Checked if tokens are valid: true, expires at: 1778869898448
[debug] [2026-05-15T17:33:38.125Z] Checked if tokens are valid: true, expires at: 1778869898448
[debug] [2026-05-15T17:33:38.125Z] >>> [apiv2][query] GET https://serviceusage.googleapis.com/v1/projects/gestorpan-3464a/services/firestore.googleapis.com [none]
[debug] [2026-05-15T17:33:38.125Z] >>> [apiv2][(partial)header] GET https://serviceusage.googleapis.com/v1/projects/gestorpan-3464a/services/firestore.googleapis.com  x-goog-user-project=gestorpan-3464a
[debug] [2026-05-15T17:33:38.949Z] <<< [apiv2][status] GET https://serviceusage.googleapis.com/v1/projects/gestorpan-3464a/services/firestore.googleapis.com 200
[debug] [2026-05-15T17:33:38.949Z] <<< [apiv2][body] GET https://serviceusage.googleapis.com/v1/projects/gestorpan-3464a/services/firestore.googleapis.com [omitted]
[info] +  firestore: required API firestore.googleapis.com is enabled 
[debug] [2026-05-15T17:33:38.975Z] Checked if tokens are valid: true, expires at: 1778869898448
[debug] [2026-05-15T17:33:38.975Z] Checked if tokens are valid: true, expires at: 1778869898448
[debug] [2026-05-15T17:33:38.975Z] >>> [apiv2][query] GET https://firestore.googleapis.com/v1/projects/gestorpan-3464a/databases [none]
[debug] [2026-05-15T17:33:39.491Z] <<< [apiv2][status] GET https://firestore.googleapis.com/v1/projects/gestorpan-3464a/databases 200
[debug] [2026-05-15T17:33:39.491Z] <<< [apiv2][body] GET https://firestore.googleapis.com/v1/projects/gestorpan-3464a/databases {}
[debug] [2026-05-15T17:33:39.491Z] Checked if tokens are valid: true, expires at: 1778869898448
[debug] [2026-05-15T17:33:39.491Z] Checked if tokens are valid: true, expires at: 1778869898448
[debug] [2026-05-15T17:33:39.491Z] >>> [apiv2][query] GET https://firestore.googleapis.com/v1/projects/gestorpan-3464a/locations [none]
[debug] [2026-05-15T17:33:39.583Z] <<< [apiv2][status] GET https://firestore.googleapis.com/v1/projects/gestorpan-3464a/locations 200
[debug] [2026-05-15T17:33:39.583Z] <<< [apiv2][body] GET https://firestore.googleapis.com/v1/projects/gestorpan-3464a/locations {"locations":[{"name":"projects/gestorpan-3464a/locations/eur3","labels":{"appengine.googleapis.com/geo":"europe-west","cloud.googleapis.com/location":"eur3","cloud.googleapis.com/geo":"eur3"},"metadata":{"@type":"type.googleapis.com/google.firestore.admin.v1.LocationMetadata"},"locationId":"eur3","displayName":"Europe"},{"name":"projects/gestorpan-3464a/locations/nam5","labels":{"appengine.googleapis.com/geo":"us-central","cloud.googleapis.com/location":"nam5","cloud.googleapis.com/geo":"nam5"},"metadata":{"@type":"type.googleapis.com/google.firestore.admin.v1.LocationMetadata"},"locationId":"nam5","displayName":"United States"},{"name":"projects/gestorpan-3464a/locations/nam7","labels":{"cloud.googleapis.com/location":"nam7","cloud.googleapis.com/geo":"nam7"},"metadata":{"@type":"type.googleapis.com/google.firestore.admin.v1.LocationMetadata"},"locationId":"nam7","displayName":"United States"},{"name":"projects/gestorpan-3464a/locations/africa-south1","labels":{"cloud.googleapis.com/location":"africa-south1","cloud.googleapis.com/region":"africa-south1"},"metadata":{"@type":"type.googleapis.com/google.firestore.admin.v1.LocationMetadata"},"locationId":"africa-south1","displayName":"Johannesburg"},{"name":"projects/gestorpan-3464a/locations/asia-east1","labels":{"appengine.googleapis.com/region":"asia-east1","cloud.googleapis.com/location":"asia-east1","cloud.googleapis.com/region":"asia-east1"},"metadata":{"@type":"type.googleapis.com/google.firestore.admin.v1.LocationMetadata"},"locationId":"asia-east1","displayName":"Taiwan"},{"name":"projects/gestorpan-3464a/locations/asia-east2","labels":{"appengine.googleapis.com/region":"asia-east2","cloud.googleapis.com/location":"asia-east2","cloud.googleapis.com/region":"asia-east2"},"metadata":{"@type":"type.googleapis.com/google.firestore.admin.v1.LocationMetadata"},"locationId":"asia-east2","displayName":"Hong Kong"},{"name":"projects/gestorpan-3464a/locations/asia-northeast1","labels":{"appengine.googleapis.com/region":"asia-northeast1","cloud.googleapis.com/location":"asia-northeast1","cloud.googleapis.com/region":"asia-northeast1"},"metadata":{"@type":"type.googleapis.com/google.firestore.admin.v1.LocationMetadata"},"locationId":"asia-northeast1","displayName":"Tokyo"},{"name":"projects/gestorpan-3464a/locations/asia-northeast2","labels":{"appengine.googleapis.com/region":"asia-northeast2","cloud.googleapis.com/location":"asia-northeast2","cloud.googleapis.com/region":"asia-northeast2"},"metadata":{"@type":"type.googleapis.com/google.firestore.admin.v1.LocationMetadata"},"locationId":"asia-northeast2","displayName":"Osaka"},{"name":"projects/gestorpan-3464a/locations/asia-northeast3","labels":{"appengine.googleapis.com/region":"asia-northeast3","cloud.googleapis.com/location":"asia-northeast3","cloud.googleapis.com/region":"asia-northeast3"},"metadata":{"@type":"type.googleapis.com/google.firestore.admin.v1.LocationMetadata"},"locationId":"asia-northeast3","displayName":"Seoul"},{"name":"projects/gestorpan-3464a/locations/asia-south1","labels":{"appengine.googleapis.com/region":"asia-south1","cloud.googleapis.com/location":"asia-south1","cloud.googleapis.com/region":"asia-south1"},"metadata":{"@type":"type.googleapis.com/google.firestore.admin.v1.LocationMetadata"},"locationId":"asia-south1","displayName":"Mumbai"},{"name":"projects/gestorpan-3464a/locations/asia-south2","labels":{"cloud.googleapis.com/location":"asia-south2","cloud.googleapis.com/region":"asia-south2"},"metadata":{"@type":"type.googleapis.com/google.firestore.admin.v1.LocationMetadata"},"locationId":"asia-south2","displayName":"Delhi"},{"name":"projects/gestorpan-3464a/locations/asia-southeast1","labels":{"appengine.googleapis.com/region":"asia-southeast1","cloud.googleapis.com/location":"asia-southeast1","cloud.googleapis.com/region":"asia-southeast1"},"metadata":{"@type":"type.googleapis.com/google.firestore.admin.v1.LocationMetadata"},"locationId":"asia-southeast1","displayName":"Singapore"},{"name":"projects/gestorpan-3464a/locations/asia-southeast2","labels":{"appengine.googleapis.com/region":"asia-southeast2","cloud.googleapis.com/location":"asia-southeast2","cloud.googleapis.com/region":"asia-southeast2"},"metadata":{"@type":"type.googleapis.com/google.firestore.admin.v1.LocationMetadata"},"locationId":"asia-southeast2","displayName":"Jakarta"},{"name":"projects/gestorpan-3464a/locations/asia-southeast3","labels":{"cloud.googleapis.com/location":"asia-southeast3","cloud.googleapis.com/region":"asia-southeast3"},"metadata":{"@type":"type.googleapis.com/google.firestore.admin.v1.LocationMetadata"},"locationId":"asia-southeast3","displayName":"Bangkok"},{"name":"projects/gestorpan-3464a/locations/australia-southeast1","labels":{"appengine.googleapis.com/region":"australia-southeast1","cloud.googleapis.com/location":"australia-southeast1","cloud.googleapis.com/region":"australia-southeast1"},"metadata":{"@type":"type.googleapis.com/google.firestore.admin.v1.LocationMetadata"},"locationId":"australia-southeast1","displayName":"Sydney"},{"name":"projects/gestorpan-3464a/locations/australia-southeast2","labels":{"cloud.googleapis.com/location":"australia-southeast2","cloud.googleapis.com/region":"australia-southeast2"},"metadata":{"@type":"type.googleapis.com/google.firestore.admin.v1.LocationMetadata"},"locationId":"australia-southeast2","displayName":"Melbourne"},{"name":"projects/gestorpan-3464a/locations/europe-central2","labels":{"appengine.googleapis.com/region":"europe-central2","cloud.googleapis.com/location":"europe-central2","cloud.googleapis.com/region":"europe-central2"},"metadata":{"@type":"type.googleapis.com/google.firestore.admin.v1.LocationMetadata"},"locationId":"europe-central2","displayName":"Warsaw"},{"name":"projects/gestorpan-3464a/locations/europe-north1","labels":{"cloud.googleapis.com/location":"europe-north1","cloud.googleapis.com/region":"europe-north1"},"metadata":{"@type":"type.googleapis.com/google.firestore.admin.v1.LocationMetadata"},"locationId":"europe-north1","displayName":"Finland"},{"name":"projects/gestorpan-3464a/locations/europe-north2","labels":{"cloud.googleapis.com/location":"europe-north2","cloud.googleapis.com/region":"europe-north2"},"metadata":{"@type":"type.googleapis.com/google.firestore.admin.v1.LocationMetadata"},"locationId":"europe-north2","displayName":"Stockholm"},{"name":"projects/gestorpan-3464a/locations/europe-southwest1","labels":{"cloud.googleapis.com/location":"europe-southwest1","cloud.googleapis.com/region":"europe-southwest1"},"metadata":{"@type":"type.googleapis.com/google.firestore.admin.v1.LocationMetadata"},"locationId":"europe-southwest1","displayName":"Madrid"},{"name":"projects/gestorpan-3464a/locations/europe-west1","labels":{"cloud.googleapis.com/location":"europe-west1","cloud.googleapis.com/region":"europe-west1"},"metadata":{"@type":"type.googleapis.com/google.firestore.admin.v1.LocationMetadata"},"locationId":"europe-west1","displayName":"Belgium"},{"name":"projects/gestorpan-3464a/locations/europe-west10","labels":{"cloud.googleapis.com/location":"europe-west10","cloud.googleapis.com/region":"europe-west10"},"metadata":{"@type":"type.googleapis.com/google.firestore.admin.v1.LocationMetadata"},"locationId":"europe-west10","displayName":"Berlin"},{"name":"projects/gestorpan-3464a/locations/europe-west12","labels":{"cloud.googleapis.com/location":"europe-west12","cloud.googleapis.com/region":"europe-west12"},"metadata":{"@type":"type.googleapis.com/google.firestore.admin.v1.LocationMetadata"},"locationId":"europe-west12","displayName":"Turin"},{"name":"projects/gestorpan-3464a/locations/europe-west2","labels":{"appengine.googleapis.com/region":"europe-west2","cloud.googleapis.com/location":"europe-west2","cloud.googleapis.com/region":"europe-west2"},"metadata":{"@type":"type.googleapis.com/google.firestore.admin.v1.LocationMetadata"},"locationId":"europe-west2","displayName":"London"},{"name":"projects/gestorpan-3464a/locations/europe-west3","labels":{"appengine.googleapis.com/region":"europe-west3","cloud.googleapis.com/location":"europe-west3","cloud.googleapis.com/region":"europe-west3"},"metadata":{"@type":"type.googleapis.com/google.firestore.admin.v1.LocationMetadata"},"locationId":"europe-west3","displayName":"Frankfurt"},{"name":"projects/gestorpan-3464a/locations/europe-west4","labels":{"cloud.googleapis.com/location":"europe-west4","cloud.googleapis.com/region":"europe-west4"},"metadata":{"@type":"type.googleapis.com/google.firestore.admin.v1.LocationMetadata"},"locationId":"europe-west4","displayName":"Netherlands"},{"name":"projects/gestorpan-3464a/locations/europe-west6","labels":{"appengine.googleapis.com/region":"europe-west6","cloud.googleapis.com/location":"europe-west6","cloud.googleapis.com/region":"europe-west6"},"metadata":{"@type":"type.googleapis.com/google.firestore.admin.v1.LocationMetadata"},"locationId":"europe-west6","displayName":"Zurich"},{"name":"projects/gestorpan-3464a/locations/europe-west8","labels":{"cloud.googleapis.com/location":"europe-west8","cloud.googleapis.com/region":"europe-west8"},"metadata":{"@type":"type.googleapis.com/google.firestore.admin.v1.LocationMetadata"},"locationId":"europe-west8","displayName":"Milan"},{"name":"projects/gestorpan-3464a/locations/europe-west9","labels":{"cloud.googleapis.com/location":"europe-west9","cloud.googleapis.com/region":"europe-west9"},"metadata":{"@type":"type.googleapis.com/google.firestore.admin.v1.LocationMetadata"},"locationId":"europe-west9","displayName":"Paris"},{"name":"projects/gestorpan-3464a/locations/me-central1","labels":{"cloud.googleapis.com/location":"me-central1","cloud.googleapis.com/region":"me-central1"},"metadata":{"@type":"type.googleapis.com/google.firestore.admin.v1.LocationMetadata"},"locationId":"me-central1","displayName":"Doha"},{"name":"projects/gestorpan-3464a/locations/me-central2","labels":{"cloud.googleapis.com/location":"me-central2","cloud.googleapis.com/region":"me-central2"},"metadata":{"@type":"type.googleapis.com/google.firestore.admin.v1.LocationMetadata"},"locationId":"me-central2","displayName":"Dammam"},{"name":"projects/gestorpan-3464a/locations/me-west1","labels":{"cloud.googleapis.com/location":"me-west1","cloud.googleapis.com/region":"me-west1"},"metadata":{"@type":"type.googleapis.com/google.firestore.admin.v1.LocationMetadata"},"locationId":"me-west1","displayName":"Tel Aviv"},{"name":"projects/gestorpan-3464a/locations/northamerica-northeast1","labels":{"appengine.googleapis.com/region":"northamerica-northeast1","cloud.googleapis.com/location":"northamerica-northeast1","cloud.googleapis.com/region":"northamerica-northeast1"},"metadata":{"@type":"type.googleapis.com/google.firestore.admin.v1.LocationMetadata"},"locationId":"northamerica-northeast1","displayName":"Montréal"},{"name":"projects/gestorpan-3464a/locations/northamerica-northeast2","labels":{"cloud.googleapis.com/location":"northamerica-northeast2","cloud.googleapis.com/region":"northamerica-northeast2"},"metadata":{"@type":"type.googleapis.com/google.firestore.admin.v1.LocationMetadata"},"locationId":"northamerica-northeast2","displayName":"Toronto"},{"name":"projects/gestorpan-3464a/locations/northamerica-south1","labels":{"cloud.googleapis.com/location":"northamerica-south1","cloud.googleapis.com/region":"northamerica-south1"},"metadata":{"@type":"type.googleapis.com/google.firestore.admin.v1.LocationMetadata"},"locationId":"northamerica-south1","displayName":"Mexico"},{"name":"projects/gestorpan-3464a/locations/southamerica-east1","labels":{"appengine.googleapis.com/region":"southamerica-east1","cloud.googleapis.com/location":"southamerica-east1","cloud.googleapis.com/region":"southamerica-east1"},"metadata":{"@type":"type.googleapis.com/google.firestore.admin.v1.LocationMetadata"},"locationId":"southamerica-east1","displayName":"São Paulo"},{"name":"projects/gestorpan-3464a/locations/southamerica-west1","labels":{"cloud.googleapis.com/location":"southamerica-west1","cloud.googleapis.com/region":"southamerica-west1"},"metadata":{"@type":"type.googleapis.com/google.firestore.admin.v1.LocationMetadata"},"locationId":"southamerica-west1","displayName":"Santiago"},{"name":"projects/gestorpan-3464a/locations/us-central1","labels":{"cloud.googleapis.com/location":"us-central1","cloud.googleapis.com/region":"us-central1"},"metadata":{"@type":"type.googleapis.com/google.firestore.admin.v1.LocationMetadata"},"locationId":"us-central1","displayName":"Iowa"},{"name":"projects/gestorpan-3464a/locations/us-east1","labels":{"appengine.googleapis.com/region":"us-east1","cloud.googleapis.com/location":"us-east1","cloud.googleapis.com/region":"us-east1"},"metadata":{"@type":"type.googleapis.com/google.firestore.admin.v1.LocationMetadata"},"locationId":"us-east1","displayName":"South Carolina"},{"name":"projects/gestorpan-3464a/locations/us-east4","labels":{"appengine.googleapis.com/region":"us-east4","cloud.googleapis.com/location":"us-east4","cloud.googleapis.com/region":"us-east4"},"metadata":{"@type":"type.googleapis.com/google.firestore.admin.v1.LocationMetadata"},"locationId":"us-east4","displayName":"Northern Virginia"},{"name":"projects/gestorpan-3464a/locations/us-east5","labels":{"cloud.googleapis.com/location":"us-east5","cloud.googleapis.com/region":"us-east5"},"metadata":{"@type":"type.googleapis.com/google.firestore.admin.v1.LocationMetadata"},"locationId":"us-east5","displayName":"Columbus"},{"name":"projects/gestorpan-3464a/locations/us-south1","labels":{"cloud.googleapis.com/location":"us-south1","cloud.googleapis.com/region":"us-south1"},"metadata":{"@type":"type.googleapis.com/google.firestore.admin.v1.LocationMetadata"},"locationId":"us-south1","displayName":"Dallas"},{"name":"projects/gestorpan-3464a/locations/us-west1","labels":{"appengine.googleapis.com/region":"us-west1","cloud.googleapis.com/location":"us-west1","cloud.googleapis.com/region":"us-west1"},"metadata":{"@type":"type.googleapis.com/google.firestore.admin.v1.LocationMetadata"},"locationId":"us-west1","displayName":"Oregon"},{"name":"projects/gestorpan-3464a/locations/us-west2","labels":{"appengine.googleapis.com/region":"us-west2","cloud.googleapis.com/location":"us-west2","cloud.googleapis.com/region":"us-west2"},"metadata":{"@type":"type.googleapis.com/google.firestore.admin.v1.LocationMetadata"},"locationId":"us-west2","displayName":"Los Angeles"},{"name":"projects/gestorpan-3464a/locations/us-west3","labels":{"appengine.googleapis.com/region":"us-west3","cloud.googleapis.com/location":"us-west3","cloud.googleapis.com/region":"us-west3"},"metadata":{"@type":"type.googleapis.com/google.firestore.admin.v1.LocationMetadata"},"locationId":"us-west3","displayName":"Salt Lake City"},{"name":"projects/gestorpan-3464a/locations/us-west4","labels":{"appengine.googleapis.com/region":"us-west4","cloud.googleapis.com/location":"us-west4","cloud.googleapis.com/region":"us-west4"},"metadata":{"@type":"type.googleapis.com/google.firestore.admin.v1.LocationMetadata"},"locationId":"us-west4","displayName":"Las Vegas"}]}
[info] 
[info] Firestore Security Rules allow you to define how and when to allow
[info] requests. You can keep these rules in your project directory
[info] and publish them with firebase deploy.
[info] 
[debug] [2026-05-15T17:33:51.864Z] Checked if tokens are valid: true, expires at: 1778869898448
[debug] [2026-05-15T17:33:51.864Z] Checked if tokens are valid: true, expires at: 1778869898448
[debug] [2026-05-15T17:33:51.864Z] >>> [apiv2][query] GET https://firebaserules.googleapis.com/v1/projects/gestorpan-3464a/releases pageSize=10&pageToken=
[debug] [2026-05-15T17:33:52.186Z] <<< [apiv2][status] GET https://firebaserules.googleapis.com/v1/projects/gestorpan-3464a/releases 200
[debug] [2026-05-15T17:33:52.186Z] <<< [apiv2][body] GET https://firebaserules.googleapis.com/v1/projects/gestorpan-3464a/releases {}
[info] 
[info] Firestore indexes allow you to perform complex queries while
[info] maintaining performance that scales with the size of the result
[info] set. You can keep index definitions in your project directory
[info] and publish them with firebase deploy.
[info] 
[debug] [2026-05-15T17:33:54.173Z] Checked if tokens are valid: true, expires at: 1778869898448
[debug] [2026-05-15T17:33:54.173Z] Checked if tokens are valid: true, expires at: 1778869898448
[debug] [2026-05-15T17:33:54.173Z] Checked if tokens are valid: true, expires at: 1778869898448
[debug] [2026-05-15T17:33:54.173Z] Checked if tokens are valid: true, expires at: 1778869898448
[debug] [2026-05-15T17:33:54.173Z] >>> [apiv2][query] GET https://firestore.googleapis.com/v1/projects/gestorpan-3464a/databases/(default)/collectionGroups/-/indexes [none]
[debug] [2026-05-15T17:33:54.174Z] >>> [apiv2][query] GET https://firestore.googleapis.com/v1/projects/gestorpan-3464a/databases/(default)/collectionGroups/-/fields?filter=indexConfig.usesAncestorConfig=false OR ttlConfig:* [none]
[debug] [2026-05-15T17:33:54.703Z] <<< [apiv2][status] GET https://firestore.googleapis.com/v1/projects/gestorpan-3464a/databases/(default)/collectionGroups/-/fields?filter=indexConfig.usesAncestorConfig=false OR ttlConfig:* 404
[debug] [2026-05-15T17:33:54.703Z] <<< [apiv2][body] GET https://firestore.googleapis.com/v1/projects/gestorpan-3464a/databases/(default)/collectionGroups/-/fields?filter=indexConfig.usesAncestorConfig=false OR ttlConfig:* {"error":{"code":404,"message":"Project 'gestorpan-3464a' or database '(default)' does not exist.","status":"NOT_FOUND"}}
[info] +  Wrote firestore.rules 
[info] +  Wrote firestore.indexes.json 
[info] 
=== Genkit Setup
[debug] [2026-05-15T17:33:54.860Z] <<< [apiv2][status] GET https://firestore.googleapis.com/v1/projects/gestorpan-3464a/databases/(default)/collectionGroups/-/indexes 404
[debug] [2026-05-15T17:33:54.860Z] <<< [apiv2][body] GET https://firestore.googleapis.com/v1/projects/gestorpan-3464a/databases/(default)/collectionGroups/-/indexes {"error":{"code":404,"message":"Project 'gestorpan-3464a' or database '(default)' does not exist.","status":"NOT_FOUND"}}
[debug] [2026-05-15T17:35:15.419Z] > command requires scopes: ["email","openid","https://www.googleapis.com/auth/cloudplatformprojects.readonly","https://www.googleapis.com/auth/firebase","https://www.googleapis.com/auth/cloud-platform"]
[debug] [2026-05-15T17:35:15.420Z] > authorizing via signed-in user (elcherif@gmail.com)
[debug] [2026-05-15T17:35:15.421Z] [iam] checking project gestorpan-3464a for permissions ["firebase.projects.get"]
[debug] [2026-05-15T17:35:15.422Z] Checked if tokens are valid: true, expires at: 1778869898448
[debug] [2026-05-15T17:35:15.422Z] Checked if tokens are valid: true, expires at: 1778869898448
[debug] [2026-05-15T17:35:15.423Z] >>> [apiv2][query] POST https://cloudresourcemanager.googleapis.com/v1/projects/gestorpan-3464a:testIamPermissions [none]
[debug] [2026-05-15T17:35:15.423Z] >>> [apiv2][(partial)header] POST https://cloudresourcemanager.googleapis.com/v1/projects/gestorpan-3464a:testIamPermissions  x-goog-user-project=gestorpan-3464a
[debug] [2026-05-15T17:35:15.424Z] >>> [apiv2][body] POST https://cloudresourcemanager.googleapis.com/v1/projects/gestorpan-3464a:testIamPermissions {"permissions":["firebase.projects.get"]}
[debug] [2026-05-15T17:35:16.158Z] <<< [apiv2][status] POST https://cloudresourcemanager.googleapis.com/v1/projects/gestorpan-3464a:testIamPermissions 200
[debug] [2026-05-15T17:35:16.158Z] <<< [apiv2][body] POST https://cloudresourcemanager.googleapis.com/v1/projects/gestorpan-3464a:testIamPermissions {"permissions":["firebase.projects.get"]}
[debug] [2026-05-15T17:35:16.165Z] Checked if tokens are valid: true, expires at: 1778869898448
[debug] [2026-05-15T17:35:16.165Z] Checked if tokens are valid: true, expires at: 1778869898448
[debug] [2026-05-15T17:35:16.167Z] Checked if tokens are valid: true, expires at: 1778869898448
[debug] [2026-05-15T17:35:16.167Z] Checked if tokens are valid: true, expires at: 1778869898448
[debug] [2026-05-15T17:35:16.168Z] >>> [apiv2][query] GET https://serviceusage.googleapis.com/v1/projects/gestorpan-3464a/services/cloudfunctions.googleapis.com [none]
[debug] [2026-05-15T17:35:16.168Z] >>> [apiv2][(partial)header] GET https://serviceusage.googleapis.com/v1/projects/gestorpan-3464a/services/cloudfunctions.googleapis.com  x-goog-user-project=gestorpan-3464a
[debug] [2026-05-15T17:35:16.170Z] >>> [apiv2][query] GET https://serviceusage.googleapis.com/v1/projects/gestorpan-3464a/services/runtimeconfig.googleapis.com [none]
[debug] [2026-05-15T17:35:16.170Z] >>> [apiv2][(partial)header] GET https://serviceusage.googleapis.com/v1/projects/gestorpan-3464a/services/runtimeconfig.googleapis.com  x-goog-user-project=gestorpan-3464a
[debug] [2026-05-15T17:35:16.946Z] <<< [apiv2][status] GET https://serviceusage.googleapis.com/v1/projects/gestorpan-3464a/services/cloudfunctions.googleapis.com 200
[debug] [2026-05-15T17:35:16.946Z] <<< [apiv2][body] GET https://serviceusage.googleapis.com/v1/projects/gestorpan-3464a/services/cloudfunctions.googleapis.com [omitted]
[debug] [2026-05-15T17:35:16.946Z] Checked if tokens are valid: true, expires at: 1778869898448
[debug] [2026-05-15T17:35:16.946Z] Checked if tokens are valid: true, expires at: 1778869898448
[debug] [2026-05-15T17:35:16.946Z] >>> [apiv2][query] POST https://serviceusage.googleapis.com/v1/projects/gestorpan-3464a/services/cloudfunctions.googleapis.com:enable [none]
[debug] [2026-05-15T17:35:16.946Z] >>> [apiv2][(partial)header] POST https://serviceusage.googleapis.com/v1/projects/gestorpan-3464a/services/cloudfunctions.googleapis.com:enable  x-goog-user-project=gestorpan-3464a
[debug] [2026-05-15T17:35:17.014Z] <<< [apiv2][status] GET https://serviceusage.googleapis.com/v1/projects/gestorpan-3464a/services/runtimeconfig.googleapis.com 200
[debug] [2026-05-15T17:35:17.014Z] <<< [apiv2][body] GET https://serviceusage.googleapis.com/v1/projects/gestorpan-3464a/services/runtimeconfig.googleapis.com [omitted]
[debug] [2026-05-15T17:35:17.944Z] <<< [apiv2][status] POST https://serviceusage.googleapis.com/v1/projects/gestorpan-3464a/services/cloudfunctions.googleapis.com:enable 200
[debug] [2026-05-15T17:35:17.944Z] <<< [apiv2][body] POST https://serviceusage.googleapis.com/v1/projects/gestorpan-3464a/services/cloudfunctions.googleapis.com:enable [omitted]
[info] Let's create a new codebase for your functions.
[info] A directory corresponding to the codebase will be created in your project
[info] with sample code pre-configured.

[info] See https://firebase.google.com/docs/functions/organize-functions for
[info] more information on organizing your functions using codebases.

[info] Functions can be deployed with firebase deploy.

[info] +  Wrote functions/.eslintrc.js 
[info] +  Wrote functions/tsconfig.dev.json 
[info] +  Wrote functions/package.json 
[info] +  Wrote functions/tsconfig.json 
[info] +  Wrote functions/src/index.ts 
[info] +  Wrote functions/.gitignore 
[info] 
[info] i  genkit: Installing Genkit CLI version 1.34.0
 
[info] i  genkit: Installing NPM packages for genkit 
[info] +  genkit: Successfully installed NPM packages 
[info] i  genkit: Updating tsconfig.json 
[info] +  genkit: Successfully updated tsconfig.json 
[info] i  genkit: Updating package.json 
[info] +  genkit: Successfully updated package.json 
